<?xml version="1.0" encoding="UTF-8"?>
<!-- Generated by org.testng.reporters.JUnitReportReporter -->
<testsuite hostname="LAPTOP-2B0D9MGJ" failures="0" tests="1" name="com.back.testcases.TC_01_login1" time="32.479" errors="0" timestamp="01 Sep 2019 12:27:07 GMT" skipped="0">
  <testcase classname="com.back.testcases.TC_01_login1" name="testcase" time="32.479"/>
</testsuite> <!-- com.back.testcases.TC_01_login1 -->
