<?xml version="1.0" encoding="UTF-8"?>
<!-- Generated by org.testng.reporters.JUnitReportReporter -->
<testsuite hostname="LAPTOP-2B0D9MGJ" failures="0" tests="1" name="com.back.testcases.demo" time="2.021" errors="0" timestamp="25 Sep 2019 16:11:39 GMT" skipped="0">
  <testcase classname="com.back.testcases.demo" name="logi" time="2.021"/>
</testsuite> <!-- com.back.testcases.demo -->
