<?xml version="1.0" encoding="UTF-8"?>
<!-- Generated by org.testng.reporters.JUnitReportReporter -->
<testsuite hostname="LAPTOP-2B0D9MGJ" failures="0" tests="1" name="com.back.testcases.date" time="19.005" errors="0" timestamp="06 Feb 2020 15:18:17 GMT" skipped="0">
  <testcase classname="com.back.testcases.date" name="date1" time="19.005"/>
</testsuite> <!-- com.back.testcases.date -->
