<?xml version="1.0" encoding="UTF-8"?>
<!-- Generated by org.testng.reporters.JUnitReportReporter -->
<testsuite hostname="LAPTOP-2B0D9MGJ" failures="0" tests="2" name="Tpac.TestA1" time="0.001" errors="0" timestamp="22 Feb 2020 06:52:18 GMT" skipped="0">
  <testcase classname="Tpac.TestA1" name="close" time="0.000"/>
  <testcase classname="Tpac.TestA1" name="open" time="0.001"/>
</testsuite> <!-- Tpac.TestA1 -->
