<?xml version="1.0" encoding="UTF-8"?>
<!-- Generated by org.testng.reporters.JUnitReportReporter -->
<testsuite hostname="LAPTOP-2B0D9MGJ" failures="0" tests="3" name="Tpac.TestA8" time="0.049" errors="0" timestamp="22 Feb 2020 04:07:57 GMT" skipped="0">
  <testcase classname="Tpac.TestA8" name="open" time="0.002"/>
  <testcase classname="Tpac.TestA8" name="aclose" time="0.001"/>
  <testcase classname="Tpac.TestA8" name="zest" time="0.046"/>
</testsuite> <!-- Tpac.TestA8 -->
