<?xml version="1.0" encoding="UTF-8"?>
<!-- Generated by org.testng.reporters.JUnitReportReporter -->
<testsuite hostname="LAPTOP-2B0D9MGJ" failures="0" tests="3" name="Tpac.TestA7" time="0.000" errors="0" timestamp="22 Feb 2020 06:52:18 GMT" skipped="1">
  <testcase classname="Tpac.TestA7" name="main" time="0.000"/>
  <testcase classname="Tpac.TestA7" name="last" time="0.000"/>
  <testcase classname="Tpac.TestA7" name="test">
    <skipped/>
  </testcase> <!-- test -->
</testsuite> <!-- Tpac.TestA7 -->
